<?xml version="1.0" encoding="UTF-8" standalone="no"?><testsuite errors="1" failures="0" name="as user I can sign up in the platform for use the different services" skipped="0" tests="4" time="6.54" timestamp="2026-05-24 11:43:09"><testcase name="sign up successful"/><testcase name="log out successful"/><testcase name="sign up with empty fields - exception"/><testcase name="log in successful"><error message="no such element: Unable to locate element: {&quot;method&quot;:&quot;xpath&quot;,&quot;selector&quot;:&quot;//*[@id=&quot;showOverview&quot;]/h1&quot;}&#10;  (Session info: chrome=148.0.7778.168)&#10;For documentation on this error, please visit: https://www.selenium.dev/documentation/webdriver/troubleshooting/errors#no-such-element-exception&#10;Build info: version: '4.16.1', revision: '9b4c83354e'&#10;System info: os.name: 'Windows 11', os.arch: 'amd64', os.version: '10.0', java.version: '17.0.19'&#10;Driver info: org.openqa.selenium.chrome.ChromeDriver&#10;Command: [68ab0d5ad0784733428843ecfa9fe6e8, findElement {using=xpath, value=//*[@id=&quot;showOverview&quot;]/h1}]&#10;Capabilities {acceptInsecureCerts: true, browserName: chrome, browserVersion: 148.0.7778.168, chrome: {chromedriverVersion: 148.0.7778.178 (d096af1c9e9..., userDataDir: C:\Users\sierr\AppData\Loca...}, fedcm:accounts: true, goog:chromeOptions: {debuggerAddress: localhost:64296}, goog:processID: 36628, networkConnectionEnabled: false, pageLoadStrategy: normal, platformName: windows, proxy: Proxy(), se:cdp: ws://localhost:64296/devtoo..., se:cdpVersion: 148.0.7778.168, setWindowRect: true, strictFileInteractability: false, timeouts: {implicit: 0, pageLoad: 300000, script: 30000}, unhandledPromptBehavior: dismiss and notify, webauthn:extension:credBlob: true, webauthn:extension:largeBlob: true, webauthn:extension:minPinLength: true, webauthn:extension:prf: true, webauthn:virtualAuthenticators: true}&#10;Session ID: 68ab0d5ad0784733428843ecfa9fe6e8" type="org.openqa.selenium.NoSuchElementException">no such element: Unable to locate element: {"method":"xpath","selector":"//*[@id="showOverview"]/h1"}
  (Session info: chrome=148.0.7778.168)
For documentation on this error, please visit: https://www.selenium.dev/documentation/webdriver/troubleshooting/errors#no-such-element-exception
Build info: version: '4.16.1', revision: '9b4c83354e'
System info: os.name: 'Windows 11', os.arch: 'amd64', os.version: '10.0', java.version: '17.0.19'
Driver info: org.openqa.selenium.chrome.ChromeDriver
Command: [68ab0d5ad0784733428843ecfa9fe6e8, findElement {using=xpath, value=//*[@id="showOverview"]/h1}]
Capabilities {acceptInsecureCerts: true, browserName: chrome, browserVersion: 148.0.7778.168, chrome: {chromedriverVersion: 148.0.7778.178 (d096af1c9e9..., userDataDir: C:\Users\sierr\AppData\Loca...}, fedcm:accounts: true, goog:chromeOptions: {debuggerAddress: localhost:64296}, goog:processID: 36628, networkConnectionEnabled: false, pageLoadStrategy: normal, platformName: windows, proxy: Proxy(), se:cdp: ws://localhost:64296/devtoo..., se:cdpVersion: 148.0.7778.168, setWindowRect: true, strictFileInteractability: false, timeouts: {implicit: 0, pageLoad: 300000, script: 30000}, unhandledPromptBehavior: dismiss and notify, webauthn:extension:credBlob: true, webauthn:extension:largeBlob: true, webauthn:extension:minPinLength: true, webauthn:extension:prf: true, webauthn:virtualAuthenticators: true}
Session ID: 68ab0d5ad0784733428843ecfa9fe6e8</error><system-err>no such element: Unable to locate element: {"method":"xpath","selector":"//*[@id="showOverview"]/h1"}
  (Session info: chrome=148.0.7778.168)
For documentation on this error, please visit: https://www.selenium.dev/documentation/webdriver/troubleshooting/errors#no-such-element-exception
Build info: version: '4.16.1', revision: '9b4c83354e'
System info: os.name: 'Windows 11', os.arch: 'amd64', os.version: '10.0', java.version: '17.0.19'
Driver info: org.openqa.selenium.chrome.ChromeDriver
Command: [68ab0d5ad0784733428843ecfa9fe6e8, findElement {using=xpath, value=//*[@id="showOverview"]/h1}]
Capabilities {acceptInsecureCerts: true, browserName: chrome, browserVersion: 148.0.7778.168, chrome: {chromedriverVersion: 148.0.7778.178 (d096af1c9e9..., userDataDir: C:\Users\sierr\AppData\Loca...}, fedcm:accounts: true, goog:chromeOptions: {debuggerAddress: localhost:64296}, goog:processID: 36628, networkConnectionEnabled: false, pageLoadStrategy: normal, platformName: windows, proxy: Proxy(), se:cdp: ws://localhost:64296/devtoo..., se:cdpVersion: 148.0.7778.168, setWindowRect: true, strictFileInteractability: false, timeouts: {implicit: 0, pageLoad: 300000, script: 30000}, unhandledPromptBehavior: dismiss and notify, webauthn:extension:credBlob: true, webauthn:extension:largeBlob: true, webauthn:extension:minPinLength: true, webauthn:extension:prf: true, webauthn:virtualAuthenticators: true}
Session ID: 68ab0d5ad0784733428843ecfa9fe6e8&#13;
co.edu.udea.certificacion.moduloSignInAndTransactions.questions.SignInValidationThe.answeredBy(SignInValidationThe.java:25)&#13;
co.edu.udea.certificacion.moduloSignInAndTransactions.questions.SignInValidationThe.answeredBy(SignInValidationThe.java:10)&#13;
co.edu.udea.certificacion.moduloSignInAndTransactions.stepdefinitions.SignUpStepDefinition.iCanSeeMyAccountsInformation(SignUpStepDefinition.java:75)&#13;
worker.org.gradle.process.internal.worker.GradleWorkerMain.run(GradleWorkerMain.java:69)&#13;
worker.org.gradle.process.internal.worker.GradleWorkerMain.main(GradleWorkerMain.java:74)&#13;
</system-err></testcase></testsuite>