<?xml version="1.0" encoding="UTF-8" standalone="no"?><testsuite errors="0" failures="0" name="as user I can sign up in the platform for use the different services" skipped="1" tests="1" time="0.51" timestamp="2026-05-23 10:45:05"><testcase name="sign up successful"><compromised message="No page defined with the name 'null'" type="net.serenitybdd.screenplay.actions.UnknownPageException">No page defined with the name 'null'</compromised><system-err>No page defined with the name 'null'&#13;
co.edu.udea.certificacion.moduloSignInAndTransactions.tasks.OpenThe.performAs(OpenThe.java:12)&#13;
co.edu.udea.certificacion.moduloSignInAndTransactions.stepdefinitions.SignUpStepDefinition.thatIAmOnTheSignUpPage(ParaBankStepDefinition.java:38)&#13;
worker.org.gradle.process.internal.worker.GradleWorkerMain.run(GradleWorkerMain.java:69)&#13;
worker.org.gradle.process.internal.worker.GradleWorkerMain.main(GradleWorkerMain.java:74)&#13;
</system-err></testcase></testsuite>